  Bullet.cpp
D:\School\Github\GAME2005_A3\src\Bullet.cpp(8,15): warning C4244: 'argument': conversion from 'T' to 'int', possible loss of data
          with
          [
              T=float
          ]
D:\School\Github\GAME2005_A3\src\Bullet.cpp(9,16): warning C4244: 'argument': conversion from 'T' to 'int', possible loss of data
          with
          [
              T=float
          ]
D:\School\Github\GAME2005_A3\src\Bullet.cpp(26,48): warning C4244: 'argument': conversion from 'const T' to 'int', possible loss of data
          with
          [
              T=float
          ]
D:\School\Github\GAME2005_A3\src\Bullet.cpp(26,45): warning C4244: 'argument': conversion from 'const T' to 'int', possible loss of data
          with
          [
              T=float
          ]
  Template.vcxproj -> D:\School\Github\GAME2005_A3\bin\Debug\Template.exe
